<?xml version="1.0" encoding="UTF-8"?>
<!-- Generated by org.testng.reporters.JUnitReportReporter -->
<testsuite skipped="0" hostname="LAPTOP-H2QSPOA2" name="demo.ParmeterDemoTest" tests="1" failures="0" timestamp="14 Mar 2022 10:48:58 GMT" time="0.015" errors="0">
  <testcase name="para" time="0.015" classname="demo.ParmeterDemoTest"/>
</testsuite> <!-- demo.ParmeterDemoTest -->
